




DATA HAVE BEEN READ.  SUMMARIES APPEAR IN:  snppit_output_BasicDataSummary.txt


COMPUTING AN APPROPRIATE S-MAX
Compiling trio type probabilities for 44 parental collections
0...........................................
Performing Forward Step on 44 Collections of Trio Probabilities
0...........................................


0...................................................................................................
100...................................................................................................
200...................................................................................................
300...................................................................................................
400...................................................................................................
500......


FINDING NON EXCLUDED PARENT PAIRS.  COLLECTION 1  JSOES_May2024   with 507 indivs in collection. 
Done with individual index:
0...................................................................................................
100...................................................................................................
200...................................................................................................
300...................................................................................................
400...................................................................................................
500......


COMPUTING THE FORWARD STEP AND PREPARING FOR BACKWARD STEP FOR ALL POPULATIONS
Compiling trio type probabilities for 44 parental collections
0...........................................
Performing Forward Step on 792 Collections of Trio Probabilities
0...................................................................................................
100...................................................................................................
200...................................................................................................
300...................................................................................................
400...................................................................................................
500...................................................................................................
600...................................................................................................
700...........................................................................................


COMPUTING POSTERIORS:  COLLECTION 1  JSOES_May2024      with 507 indivs in collection. 
Done with individual index:
0...................................................................................................
100...................................................................................................
200...................................................................................................
300...................................................................................................
400...................................................................................................
500......


SEEDFILE: No file "snppit_seeds".  Using clock to set RNG: 1741729065 580576355


COMPUTING P-VALUES BY SIMULATION:  COLLECTION 1  JSOES_May2024    with 507 indivs in collection
Done with individual index:
0...................................................................................................
100...................................................................................................
200...................................................................................................
300...................................................................................................
400...................................................................................................
500......


PERFORMING FALSE DISCOVERY RATE CORRECTIONS


SEEDFILE: Finished on random seeds: 1440921867 2025941437 : printed to snppit_seeds


PRINTING FINAL PARENTAGE REPORT


SNPPIT PROGRAM EXECUTION COMPLETED.

Output is in the following files:
	snppit_output_ParentageAssignments.txt -- Main output file that gives false discovery rates for all offspring with the most likely parents
	snppit_output_BasicDataSummary.txt -- Basic information about the data that got read in.
	snppit_output_ChosenSMAXes.txt -- Information about the smax vectors used in the analysis.
	snppit_output_FDR_Summary.txt -- Offspring assigned to parents in each population, ranked by false discovery rate.
	snppit_output_PopSizesAnPiVectors.txt -- Information about the sizes of the populations and the expected fraction of different trios thereby implied.
	snppit_output_TrioPosteriors.txt -- Posterior probs for all non-excluded parent pairs of every offspring in the data file.


Questions, etc.? Send them to eric.anderson@noaa.gov

